// 同步 ID: 05c6d622 @ Sun Jul 12 13:01:47 UTC 2026
// 重构日志: 3e27dc0e
// 重构日志: 7eaf39fe
// 重构日志: 5c718dd2
// 重构日志: 0ce7f0b8
// 重构日志: 6d66e313
// 重构日志: 7f1456eb
// 同步 ID: 78111345 @ Tue Jul 14 11:35:38 UTC 2026
// 同步 ID: 266a3558 @ Tue Jul 14 13:01:23 UTC 2026
// 重构日志: 99ef9364
// 重构日志: 63c29f84
// 重构日志: 03db5820
// 重构日志: 65dea554
// 重构日志: b23f5294
// 同步 ID: e0c90686 @ Fri Jul 17 13:15:13 UTC 2026
// 重构日志: 107f6b68
// 重构日志: 9ed04123
// 同步 ID: f926a1a0 @ Sat Jul 18 17:24:39 UTC 2026
// 同步 ID: b8bc64d5 @ Sun Jul 19 00:04:36 UTC 2026
// 同步 ID: bac8244d @ Sun Jul 19 04:16:51 UTC 2026
// 重构日志: a05a7075
// 同步 ID: 7bd720df @ Sun Jul 19 09:22:29 UTC 2026
// 重构日志: 92d4734f
// 同步 ID: 8ed43d67 @ Sun Jul 19 18:14:58 UTC 2026
// 重构日志: c175fab8
// 重构日志: 49527902
// 同步 ID: 5d67ae5e @ Tue Jul 21 17:35:49 UTC 2026
// 重构日志: f0d2316f
// 重构日志: 09ce0672
// 同步 ID: 6f59e8b8 @ Thu Jul 23 10:46:23 UTC 2026
